Flow report for beep_music
Fri Oct 23 12:27:07 2015
Quartus II 64-Bit Version 13.0.0 Build 156 04/24/2013 SJ Web Edition


---------------------
; Table of Contents ;
---------------------
  1. Legal Notice
  2. Flow Summary
  3. Flow Settings
  4. Flow Non-Default Global Settings
  5. Flow Elapsed Time
  6. Flow OS Summary
  7. Flow Log
  8. Flow Messages
  9. Flow Suppressed Messages



----------------
; Legal Notice ;
----------------
Copyright (C) 1991-2013 Altera Corporation
Your use of Altera Corporation's design tools, logic functions 
and other software and tools, and its AMPP partner logic 
functions, and any output files from any of the foregoing 
(including device programming or simulation files), and any 
associated documentation or information are expressly subject 
to the terms and conditions of the Altera Program License 
Subscription Agreement, Altera MegaCore Function License 
Agreement, or other applicable license agreement, including, 
without limitation, that your use is for the sole purpose of 
programming logic devices manufactured by Altera and sold by 
Altera or its authorized distributors.  Please refer to the 
applicable agreement for further details.



+---------------------------------------------------------------------------------+
; Flow Summary                                                                    ;
+------------------------------------+--------------------------------------------+
; Flow Status                        ; Successful - Fri Oct 23 12:27:07 2015      ;
; Quartus II 64-Bit Version          ; 13.0.0 Build 156 04/24/2013 SJ Web Edition ;
; Revision Name                      ; beep_music                                 ;
; Top-level Entity Name              ; beep_music_top                             ;
; Family                             ; Cyclone III                                ;
; Device                             ; EP3C25Q240C8                               ;
; Timing Models                      ; Final                                      ;
; Total logic elements               ; 121 / 24,624 ( < 1 % )                     ;
;     Total combinational functions  ; 121 / 24,624 ( < 1 % )                     ;
;     Dedicated logic registers      ; 70 / 24,624 ( < 1 % )                      ;
; Total registers                    ; 70                                         ;
; Total pins                         ; 3 / 149 ( 2 % )                            ;
; Total virtual pins                 ; 0                                          ;
; Total memory bits                  ; 0 / 608,256 ( 0 % )                        ;
; Embedded Multiplier 9-bit elements ; 0 / 132 ( 0 % )                            ;
; Total PLLs                         ; 0 / 4 ( 0 % )                              ;
+------------------------------------+--------------------------------------------+


+-----------------------------------------+
; Flow Settings                           ;
+-------------------+---------------------+
; Option            ; Setting             ;
+-------------------+---------------------+
; Start date & time ; 10/23/2015 12:26:47 ;
; Main task         ; Compilation         ;
; Revision Name     ; beep_music          ;
+-------------------+---------------------+


+-------------------------------------------------------------------------------------------------------------------------+
; Flow Non-Default Global Settings                                                                                        ;
+-------------------------------------+---------------------------------+---------------+----------------+----------------+
; Assignment Name                     ; Value                           ; Default Value ; Entity Name    ; Section Id     ;
+-------------------------------------+---------------------------------+---------------+----------------+----------------+
; COMPILER_SIGNATURE_ID               ; 103929058393800.144557440708500 ; --            ; --             ; --             ;
; EDA_OUTPUT_DATA_FORMAT              ; Verilog Hdl                     ; --            ; --             ; eda_simulation ;
; EDA_SIMULATION_TOOL                 ; ModelSim-Altera (Verilog)       ; <None>        ; --             ; --             ;
; EDA_TIME_SCALE                      ; 1 ps                            ; --            ; --             ; eda_simulation ;
; MAX_CORE_JUNCTION_TEMP              ; 85                              ; --            ; --             ; --             ;
; MIN_CORE_JUNCTION_TEMP              ; 0                               ; --            ; --             ; --             ;
; NOMINAL_CORE_SUPPLY_VOLTAGE         ; 1.2V                            ; --            ; --             ; --             ;
; PARTITION_COLOR                     ; 16764057                        ; --            ; beep_music_top ; Top            ;
; PARTITION_FITTER_PRESERVATION_LEVEL ; PLACEMENT_AND_ROUTING           ; --            ; beep_music_top ; Top            ;
; PARTITION_NETLIST_TYPE              ; SOURCE                          ; --            ; beep_music_top ; Top            ;
; PROJECT_OUTPUT_DIRECTORY            ; output_files                    ; --            ; --             ; --             ;
; TOP_LEVEL_ENTITY                    ; beep_music_top                  ; beep_music    ; --             ; --             ;
+-------------------------------------+---------------------------------+---------------+----------------+----------------+


+-------------------------------------------------------------------------------------------------------------------------------+
; Flow Elapsed Time                                                                                                             ;
+---------------------------+--------------+-------------------------+---------------------+------------------------------------+
; Module Name               ; Elapsed Time ; Average Processors Used ; Peak Virtual Memory ; Total CPU Time (on all processors) ;
+---------------------------+--------------+-------------------------+---------------------+------------------------------------+
; Analysis & Synthesis      ; 00:00:02     ; 1.0                     ; 442 MB              ; 00:00:02                           ;
; Fitter                    ; 00:00:10     ; 1.0                     ; 706 MB              ; 00:00:10                           ;
; Assembler                 ; 00:00:02     ; 1.0                     ; 414 MB              ; 00:00:02                           ;
; TimeQuest Timing Analyzer ; 00:00:02     ; 1.0                     ; 453 MB              ; 00:00:02                           ;
; EDA Netlist Writer        ; 00:00:01     ; 1.0                     ; 377 MB              ; 00:00:01                           ;
; Total                     ; 00:00:17     ; --                      ; --                  ; 00:00:17                           ;
+---------------------------+--------------+-------------------------+---------------------+------------------------------------+


+----------------------------------------------------------------------------------------+
; Flow OS Summary                                                                        ;
+---------------------------+------------------+-----------+------------+----------------+
; Module Name               ; Machine Hostname ; OS Name   ; OS Version ; Processor type ;
+---------------------------+------------------+-----------+------------+----------------+
; Analysis & Synthesis      ; KeepCalm         ; Windows 7 ; 6.2        ; x86_64         ;
; Fitter                    ; KeepCalm         ; Windows 7 ; 6.2        ; x86_64         ;
; Assembler                 ; KeepCalm         ; Windows 7 ; 6.2        ; x86_64         ;
; TimeQuest Timing Analyzer ; KeepCalm         ; Windows 7 ; 6.2        ; x86_64         ;
; EDA Netlist Writer        ; KeepCalm         ; Windows 7 ; 6.2        ; x86_64         ;
+---------------------------+------------------+-----------+------------+----------------+


------------
; Flow Log ;
------------
quartus_map --read_settings_files=on --write_settings_files=off beep_music -c beep_music
quartus_fit --read_settings_files=off --write_settings_files=off beep_music -c beep_music
quartus_asm --read_settings_files=off --write_settings_files=off beep_music -c beep_music
quartus_sta beep_music -c beep_music
quartus_eda --read_settings_files=off --write_settings_files=off beep_music -c beep_music



